Using pre-set license
Built from '2020.3/release' branch; Version is '2020.3.2f1 (8fd9074bf66c) revision 9427207'; Using compiler version '192528614'; Build Type 'Release'
OS: 'Windows 10 Pro; OS build 19041.1288; Version 2004; 64bit' Language: 'ru' Physical Memory: 16314 MB
BatchMode: 1, IsHumanControllingUs: 0, StartBugReporterOnCrash: 0, Is64bit: 1, IsPro: 0

 COMMAND LINE ARGUMENTS:
E:\stud Unity\Basse Unity\Unity 2020.3.2f1\Editor\Unity.exe
-adb2
-batchMode
-noUpm
-name
AssetImportWorker0
-projectPath
E:/stud Unity/game Unity/Pool Cleaner-Clone
-logFile
Logs/AssetImportWorker0.log
-srvPort
50362
Successfully changed project path to: E:/stud Unity/game Unity/Pool Cleaner-Clone
E:/stud Unity/game Unity/Pool Cleaner-Clone
Using Asset Import Pipeline V2.
Refreshing native plugins compatible for Editor in 38.62 ms, found 0 plugins.
Preloading 0 native plugins for Editor in 0.00 ms.
Initialize engine version: 2020.3.2f1 (8fd9074bf66c)
[Subsystems] Discovering subsystems at path E:/stud Unity/Basse Unity/Unity 2020.3.2f1/Editor/Data/Resources/UnitySubsystems
[Subsystems] Discovering subsystems at path E:/stud Unity/game Unity/Pool Cleaner-Clone/Assets
GfxDevice: creating device client; threaded=0
Direct3D:
    Version:  Direct3D 11.0 [level 11.1]
    Renderer: NVIDIA GeForce GTX 1660 SUPER (ID=0x21c4)
    Vendor:   
    VRAM:     5991 MB
    Driver:   30.0.14.9649
Initialize mono
Mono path[0] = 'E:/stud Unity/Basse Unity/Unity 2020.3.2f1/Editor/Data/Managed'
Mono path[1] = 'E:/stud Unity/Basse Unity/Unity 2020.3.2f1/Editor/Data/MonoBleedingEdge/lib/mono/unityjit'
Mono config path = 'E:/stud Unity/Basse Unity/Unity 2020.3.2f1/Editor/Data/MonoBleedingEdge/etc'
Using monoOptions --debugger-agent=transport=dt_socket,embedding=1,server=y,suspend=n,address=127.0.0.1:56076
Begin MonoManager ReloadAssembly
Registering precompiled unity dll's ...
Register platform support module: E:/stud Unity/Basse Unity/Unity 2020.3.2f1/Editor/Data/PlaybackEngines/WindowsStandaloneSupport/UnityEditor.WindowsStandalone.Extensions.dll
Registered in 0.001198 seconds.
Native extension for WindowsStandalone target not found
Refreshing native plugins compatible for Editor in 30.43 ms, found 0 plugins.
Preloading 0 native plugins for Editor in 0.00 ms.
Invoked RoslynAnalysisRunner static constructor.
RoslynAnalysisRunner will not be running.
RoslynAnalysisRunner has terminated.
Mono: successfully reloaded assembly
- Completed reload, in  1.025 seconds
Platform modules already initialized, skipping
Registering precompiled user dll's ...
Registered in 0.000579 seconds.
Begin MonoManager ReloadAssembly
Native extension for WindowsStandalone target not found
Refreshing native plugins compatible for Editor in 0.37 ms, found 0 plugins.
Preloading 0 native plugins for Editor in 0.00 ms.
Invoked RoslynAnalysisRunner static constructor.
RoslynAnalysisRunner will not be running.
RoslynAnalysisRunner has terminated.
Mono: successfully reloaded assembly
- Completed reload, in  0.943 seconds
Platform modules already initialized, skipping
========================================================================
Worker process is ready to serve import requests
Launched and connected shader compiler UnityShaderCompiler.exe after 0.03 seconds
Refreshing native plugins compatible for Editor in 0.40 ms, found 0 plugins.
Preloading 0 native plugins for Editor in 0.00 ms.
Unloading 1236 Unused Serialized files (Serialized files now loaded: 0)
System memory in use before: 83.3 MB.
System memory in use after: 83.3 MB.

Unloading 22 unused Assets to reduce memory usage. Loaded Objects now: 1698.
Total: 1.887800 ms (FindLiveObjects: 0.211200 ms CreateObjectMapping: 0.033800 ms MarkObjects: 1.578500 ms  DeleteObjects: 0.063100 ms)

========================================================================
Received Import Request.
  path: Assets/Scripts/Bottle/Bottle.cs
  artifactKey: Guid(10dadc118da325d4e977a242558742d2) Importer(815301076,1909f56bfc062723c751e8b465ee728b)
Start importing Assets/Scripts/Bottle/Bottle.cs using Guid(10dadc118da325d4e977a242558742d2) Importer(815301076,1909f56bfc062723c751e8b465ee728b)  -> (artifact id: '1cab906937f40a8e4f9112bc6058b018') in 0.042376 seconds
  Import took 0.053199 seconds .

========================================================================
Received Import Request.
  Time since last request: 643.695753 seconds.
  path: Assets/Scripts/Bucket.cs
  artifactKey: Guid(cb5939c9ffa09e34f923b400bbcf356e) Importer(815301076,1909f56bfc062723c751e8b465ee728b)
Start importing Assets/Scripts/Bucket.cs using Guid(cb5939c9ffa09e34f923b400bbcf356e) Importer(815301076,1909f56bfc062723c751e8b465ee728b)  -> (artifact id: '5696a2ce6554a9ab9f48cd7424765637') in 0.026222 seconds
  Import took 0.028505 seconds .

========================================================================
Received Prepare
Registering precompiled user dll's ...
Registered in 0.000565 seconds.
Begin MonoManager ReloadAssembly
Native extension for WindowsStandalone target not found
Refreshing native plugins compatible for Editor in 0.44 ms, found 0 plugins.
Preloading 0 native plugins for Editor in 0.00 ms.
Invoked RoslynAnalysisRunner static constructor.
RoslynAnalysisRunner will not be running.
RoslynAnalysisRunner has terminated.
Mono: successfully reloaded assembly
- Completed reload, in  0.867 seconds
Platform modules already initialized, skipping
Switching build target platform(5) subTarget(0) extendedPlatform(0) -> platform(13) subTarget(537395200) extendedPlatform(0)
Refreshing native plugins compatible for Editor in 0.36 ms, found 0 plugins.
Preloading 0 native plugins for Editor in 0.00 ms.
Unloading 1221 Unused Serialized files (Serialized files now loaded: 0)
System memory in use before: 81.7 MB.
System memory in use after: 81.8 MB.

Unloading 17 unused Assets to reduce memory usage. Loaded Objects now: 1702.
Total: 2.044700 ms (FindLiveObjects: 0.187600 ms CreateObjectMapping: 0.031700 ms MarkObjects: 1.806200 ms  DeleteObjects: 0.017500 ms)

AssetImportParameters requested are different than current active one (requested -> active):
  custom:graphics/normal-map-encoding: 01000000000000000000000000000000 -> 02000000000000000000000000000000
========================================================================
Received Import Request.
  Time since last request: 80.799559 seconds.
  path: Assets/Data/Items/2.asset
  artifactKey: Guid(f8fe18b84c12aae4f8b9b8decef11c47) Importer(815301076,1909f56bfc062723c751e8b465ee728b)
Start importing Assets/Data/Items/2.asset using Guid(f8fe18b84c12aae4f8b9b8decef11c47) Importer(815301076,1909f56bfc062723c751e8b465ee728b)  -> (artifact id: '343cd0e6e9890eae6d45bfb9e87bcad3') in 0.087935 seconds
  Import took 0.105491 seconds .

========================================================================
Received Import Request.
  Time since last request: 0.000170 seconds.
  path: Assets/Data/Items/4.asset
  artifactKey: Guid(35db4afc45ee2ad4c870a3d45ff1c68f) Importer(815301076,1909f56bfc062723c751e8b465ee728b)
Start importing Assets/Data/Items/4.asset using Guid(35db4afc45ee2ad4c870a3d45ff1c68f) Importer(815301076,1909f56bfc062723c751e8b465ee728b)  -> (artifact id: '8e7eb000316b9d55abf0206e701e9071') in 0.034292 seconds
  Import took 0.050793 seconds .

========================================================================
Received Import Request.
  Time since last request: 0.000177 seconds.
  path: Assets/Data/Items/3.asset
  artifactKey: Guid(a4d00de744af18a4b9295478957af09f) Importer(815301076,1909f56bfc062723c751e8b465ee728b)
Start importing Assets/Data/Items/3.asset using Guid(a4d00de744af18a4b9295478957af09f) Importer(815301076,1909f56bfc062723c751e8b465ee728b)  -> (artifact id: 'ac3597c3033c5b90d52e576a96c3566f') in 0.030155 seconds
  Import took 0.038562 seconds .

========================================================================
Received Import Request.
  Time since last request: 41.812281 seconds.
  path: Assets/Data/Materials/Yelou.mat
  artifactKey: Guid(f8968dc613f83414cadeed9be2fca5e0) Importer(815301076,1909f56bfc062723c751e8b465ee728b)
Start importing Assets/Data/Materials/Yelou.mat using Guid(f8968dc613f83414cadeed9be2fca5e0) Importer(815301076,1909f56bfc062723c751e8b465ee728b)  -> (artifact id: '59ffe1883122e773b4c923c876c2daea') in 0.104036 seconds
  Import took 0.106359 seconds .

========================================================================
Received Import Request.
  Time since last request: 146.881931 seconds.
  path: Assets/Data/Materials/BrowMat.mat
  artifactKey: Guid(58931581d2e5ab14688e660297ac0a48) Importer(815301076,1909f56bfc062723c751e8b465ee728b)
Start importing Assets/Data/Materials/BrowMat.mat using Guid(58931581d2e5ab14688e660297ac0a48) Importer(815301076,1909f56bfc062723c751e8b465ee728b)  -> (artifact id: 'f5a8d7092417b3c6113179a635bd4c87') in 0.033538 seconds
  Import took 0.044235 seconds .

========================================================================
Received Import Request.
  Time since last request: 23.079185 seconds.
  path: Assets/Data
  artifactKey: Guid(f61d67dc2abd7e24baa38cfd168670b0) Importer(815301076,1909f56bfc062723c751e8b465ee728b)
Start importing Assets/Data using Guid(f61d67dc2abd7e24baa38cfd168670b0) Importer(815301076,1909f56bfc062723c751e8b465ee728b)  -> (artifact id: '7d751a6a128752730ae11f9045be92a3') in 0.004696 seconds
  Import took 0.006924 seconds .

========================================================================
Received Import Request.
  Time since last request: 3.985947 seconds.
  path: Assets/Data/New Folder
  artifactKey: Guid(a080038f365d2f841b85e01e9067891c) Importer(815301076,1909f56bfc062723c751e8b465ee728b)
Start importing Assets/Data/New Folder using Guid(a080038f365d2f841b85e01e9067891c) Importer(815301076,1909f56bfc062723c751e8b465ee728b)  -> (artifact id: 'd1df1ede92ecf9eaeafd9b24d5030970') in 0.026833 seconds
  Import took 0.036116 seconds .

========================================================================
Received Import Request.
  Time since last request: 26.736428 seconds.
  path: Assets/Data/BottleMAt
  artifactKey: Guid(a080038f365d2f841b85e01e9067891c) Importer(815301076,1909f56bfc062723c751e8b465ee728b)
Start importing Assets/Data/BottleMAt using Guid(a080038f365d2f841b85e01e9067891c) Importer(815301076,1909f56bfc062723c751e8b465ee728b)  -> (artifact id: '38b51514e0f4648d9fc110c31c32794a') in 0.025794 seconds
  Import took 0.031017 seconds .

========================================================================
Received Import Request.
  Time since last request: 68.653608 seconds.
  path: Assets/Data/BottleMAt/OrangeMat.mat
  artifactKey: Guid(0e8c3937afe214d47b29fea1e3614b85) Importer(815301076,1909f56bfc062723c751e8b465ee728b)
Start importing Assets/Data/BottleMAt/OrangeMat.mat using Guid(0e8c3937afe214d47b29fea1e3614b85) Importer(815301076,1909f56bfc062723c751e8b465ee728b)  -> (artifact id: '3a1226408aca12eb69f3f29e53e70d03') in 0.037920 seconds
  Import took 0.062611 seconds .

========================================================================
Received Import Request.
  Time since last request: 47.997761 seconds.
  path: Assets/Data/BottleMAt/GreenMat.mat
  artifactKey: Guid(15b9c6ec5d7888b479cce04721cd1ba0) Importer(815301076,1909f56bfc062723c751e8b465ee728b)
Start importing Assets/Data/BottleMAt/GreenMat.mat using Guid(15b9c6ec5d7888b479cce04721cd1ba0) Importer(815301076,1909f56bfc062723c751e8b465ee728b)  -> (artifact id: '7aad1faf16cdeb3832d54ca7658f7d48') in 0.031671 seconds
  Import took 0.033948 seconds .

========================================================================
Received Import Request.
  Time since last request: 95.744129 seconds.
  path: Assets/Data/BottleMAt/GreeMat.mat
  artifactKey: Guid(6ea09e2391ef07441834388b88ec5167) Importer(815301076,1909f56bfc062723c751e8b465ee728b)
Start importing Assets/Data/BottleMAt/GreeMat.mat using Guid(6ea09e2391ef07441834388b88ec5167) Importer(815301076,1909f56bfc062723c751e8b465ee728b)  -> (artifact id: 'daadee1608ec0ba8f48614664453890e') in 0.031934 seconds
  Import took 0.042213 seconds .

========================================================================
Received Import Request.
  Time since last request: 144.000256 seconds.
  path: Assets/Data/Items
  artifactKey: Guid(0de696034f42b9d4f8f4ffa7430ce2e3) Importer(815301076,1909f56bfc062723c751e8b465ee728b)
Start importing Assets/Data/Items using Guid(0de696034f42b9d4f8f4ffa7430ce2e3) Importer(815301076,1909f56bfc062723c751e8b465ee728b)  -> (artifact id: '07e3689d49a5a55ee86e2fd9e2dcb286') in 0.039184 seconds
  Import took 0.041175 seconds .

========================================================================
Received Import Request.
  Time since last request: 6.804311 seconds.
  path: Assets/Data/Items/New Asset Item.asset
  artifactKey: Guid(63881b3eea61e08468cc879c7f2108c4) Importer(815301076,1909f56bfc062723c751e8b465ee728b)
Start importing Assets/Data/Items/New Asset Item.asset using Guid(63881b3eea61e08468cc879c7f2108c4) Importer(815301076,1909f56bfc062723c751e8b465ee728b)  -> (artifact id: 'eea1482e2779d0e2405d908d247a51ab') in 0.025606 seconds
  Import took 0.039999 seconds .

========================================================================
Received Import Request.
  Time since last request: 5.419340 seconds.
  path: Assets/Data/Items/5.asset
  artifactKey: Guid(63881b3eea61e08468cc879c7f2108c4) Importer(815301076,1909f56bfc062723c751e8b465ee728b)
Start importing Assets/Data/Items/5.asset using Guid(63881b3eea61e08468cc879c7f2108c4) Importer(815301076,1909f56bfc062723c751e8b465ee728b)  -> (artifact id: '84b7aae90d5d4594bb698f4e12458816') in 0.004452 seconds
  Import took 0.006784 seconds .

========================================================================
Received Import Request.
  Time since last request: 0.005494 seconds.
  path: Assets/Data/Items/5.asset
  artifactKey: Guid(63881b3eea61e08468cc879c7f2108c4) Importer(815301076,1909f56bfc062723c751e8b465ee728b)
Start importing Assets/Data/Items/5.asset using Guid(63881b3eea61e08468cc879c7f2108c4) Importer(815301076,1909f56bfc062723c751e8b465ee728b)  -> (artifact id: '84b7aae90d5d4594bb698f4e12458816') in 0.003855 seconds
  Import took 0.009357 seconds .

========================================================================
Received Prepare
Registering precompiled user dll's ...
Registered in 0.000648 seconds.
Begin MonoManager ReloadAssembly
Native extension for WindowsStandalone target not found
Refreshing native plugins compatible for Editor in 0.37 ms, found 0 plugins.
Preloading 0 native plugins for Editor in 0.00 ms.
Invoked RoslynAnalysisRunner static constructor.
RoslynAnalysisRunner will not be running.
RoslynAnalysisRunner has terminated.
Mono: successfully reloaded assembly
- Completed reload, in  0.801 seconds
Platform modules already initialized, skipping
Switching build target platform(5) subTarget(0) extendedPlatform(0) -> platform(13) subTarget(537395200) extendedPlatform(0)
Refreshing native plugins compatible for Editor in 0.39 ms, found 0 plugins.
Preloading 0 native plugins for Editor in 0.00 ms.
Unloading 1221 Unused Serialized files (Serialized files now loaded: 0)
System memory in use before: 85.0 MB.
System memory in use after: 85.1 MB.

Unloading 18 unused Assets to reduce memory usage. Loaded Objects now: 1745.
Total: 1.673900 ms (FindLiveObjects: 0.141400 ms CreateObjectMapping: 0.030200 ms MarkObjects: 1.476100 ms  DeleteObjects: 0.025300 ms)

AssetImportParameters requested are different than current active one (requested -> active):
  custom:graphics/normal-map-encoding: 01000000000000000000000000000000 -> 02000000000000000000000000000000
========================================================================
Received Import Request.
  Time since last request: 88.894349 seconds.
  path: Assets/Beach Essentials/Meshes/Beachchair(Foldable).fbx
  artifactKey: Guid(62fd1c0699a884e66a4380e115970e03) Importer(815301076,1909f56bfc062723c751e8b465ee728b)
Start importing Assets/Beach Essentials/Meshes/Beachchair(Foldable).fbx using Guid(62fd1c0699a884e66a4380e115970e03) Importer(815301076,1909f56bfc062723c751e8b465ee728b)  -> (artifact id: 'f7171777c88c3ce8d15b691ac9cb746e') in 0.257927 seconds
  Import took 0.269018 seconds .

========================================================================
Received Import Request.
  Time since last request: 0.000211 seconds.
  path: Assets/Beach Essentials/Materials/BeachBall1.mat
  artifactKey: Guid(75d4a74b69bb54a4cb36b3d1754fb6f1) Importer(815301076,1909f56bfc062723c751e8b465ee728b)
Start importing Assets/Beach Essentials/Materials/BeachBall1.mat using Guid(75d4a74b69bb54a4cb36b3d1754fb6f1) Importer(815301076,1909f56bfc062723c751e8b465ee728b)  -> (artifact id: 'b09534a6603456cec57d7500ab819f33') in 0.081177 seconds
  Import took 0.090347 seconds .

========================================================================
Received Import Request.
  Time since last request: 0.000241 seconds.
  path: Assets/Beach Essentials/Materials/BeachSky.mat
  artifactKey: Guid(26093e06623964a08b877b28306de052) Importer(815301076,1909f56bfc062723c751e8b465ee728b)
Start importing Assets/Beach Essentials/Materials/BeachSky.mat using Guid(26093e06623964a08b877b28306de052) Importer(815301076,1909f56bfc062723c751e8b465ee728b)  -> (artifact id: '4ad52c458ce5f4fe751409eff9e8bdcc') in 0.171059 seconds
  Import took 0.179005 seconds .

========================================================================
Received Import Request.
  Time since last request: 0.000195 seconds.
  path: Assets/Beach Essentials/Materials/BeachBall2.mat
  artifactKey: Guid(a600b4815c5bb415685973f956343f12) Importer(815301076,1909f56bfc062723c751e8b465ee728b)
Start importing Assets/Beach Essentials/Materials/BeachBall2.mat using Guid(a600b4815c5bb415685973f956343f12) Importer(815301076,1909f56bfc062723c751e8b465ee728b)  -> (artifact id: '29c00583c27954d8560617522bf64cb9') in 0.076401 seconds
  Import took 0.085834 seconds .

========================================================================
Received Import Request.
  Time since last request: 0.000230 seconds.
  path: Assets/Beach Essentials/Meshes/Beachball.fbx
  artifactKey: Guid(f88b3d4b18f3b4e91bd18e5d4dcc1469) Importer(815301076,1909f56bfc062723c751e8b465ee728b)
Start importing Assets/Beach Essentials/Meshes/Beachball.fbx using Guid(f88b3d4b18f3b4e91bd18e5d4dcc1469) Importer(815301076,1909f56bfc062723c751e8b465ee728b)  -> (artifact id: 'f10109772fe48ebcd7022819b6ec4725') in 0.103446 seconds
  Import took 0.108761 seconds .

========================================================================
Received Import Request.
  Time since last request: 0.000171 seconds.
  path: Assets/Beach Essentials/Materials/BlackPlastic.mat
  artifactKey: Guid(df824209ab05748989e1dd73d46b4978) Importer(815301076,1909f56bfc062723c751e8b465ee728b)
Start importing Assets/Beach Essentials/Materials/BlackPlastic.mat using Guid(df824209ab05748989e1dd73d46b4978) Importer(815301076,1909f56bfc062723c751e8b465ee728b)  -> (artifact id: '56e8acb8828fa8135861f9cdbd22c5d5') in 0.054049 seconds
  Import took 0.055898 seconds .

========================================================================
Received Import Request.
  Time since last request: 0.000169 seconds.
  path: Assets/Beach Essentials/Meshes/Volleyball.fbx
  artifactKey: Guid(c71923256946c49c593eeeb3adb0590b) Importer(815301076,1909f56bfc062723c751e8b465ee728b)
Start importing Assets/Beach Essentials/Meshes/Volleyball.fbx using Guid(c71923256946c49c593eeeb3adb0590b) Importer(815301076,1909f56bfc062723c751e8b465ee728b)  -> (artifact id: 'e7af9e072ae6420043a6ae278762fa4e') in 0.091485 seconds
  Import took 0.093477 seconds .

========================================================================
Received Import Request.
  Time since last request: 0.000168 seconds.
  path: Assets/Beach Essentials/Meshes/Beachchair(Foldable).fbx
  artifactKey: Guid(62fd1c0699a884e66a4380e115970e03) Importer(815301076,1909f56bfc062723c751e8b465ee728b)
Start importing Assets/Beach Essentials/Meshes/Beachchair(Foldable).fbx using Guid(62fd1c0699a884e66a4380e115970e03) Importer(815301076,1909f56bfc062723c751e8b465ee728b)  -> (artifact id: 'f7171777c88c3ce8d15b691ac9cb746e') in 0.085207 seconds
  Import took 0.087089 seconds .

========================================================================
Received Import Request.
  Time since last request: 42.458660 seconds.
  path: Assets/Beach Essentials/Meshes/Surfboard1.fbx
  artifactKey: Guid(4d166d1773bcb49f79e0192fc0a2ab6b) Importer(815301076,1909f56bfc062723c751e8b465ee728b)
Start importing Assets/Beach Essentials/Meshes/Surfboard1.fbx using Guid(4d166d1773bcb49f79e0192fc0a2ab6b) Importer(815301076,1909f56bfc062723c751e8b465ee728b)  -> (artifact id: 'b727c7b82a79429ba1976acb486a0ce8') in 0.072761 seconds
  Import took 0.074912 seconds .

========================================================================
Received Import Request.
  Time since last request: 60.040247 seconds.
  path: Assets/Data/Items/6.asset
  artifactKey: Guid(9a899ed9bb265b445b5f396049027f7f) Importer(815301076,1909f56bfc062723c751e8b465ee728b)
Start importing Assets/Data/Items/6.asset using Guid(9a899ed9bb265b445b5f396049027f7f) Importer(815301076,1909f56bfc062723c751e8b465ee728b)  -> (artifact id: '0de2133fe91f52f989d8e11d1aad2796') in 0.005243 seconds
  Import took 0.014134 seconds .

========================================================================
Received Import Request.
  Time since last request: 51.366064 seconds.
  path: Assets/Beach Essentials/Materials/Lifeguardsign.mat
  artifactKey: Guid(8f15b41e787a846bca9f97ace068ce58) Importer(815301076,1909f56bfc062723c751e8b465ee728b)
Start importing Assets/Beach Essentials/Materials/Lifeguardsign.mat using Guid(8f15b41e787a846bca9f97ace068ce58) Importer(815301076,1909f56bfc062723c751e8b465ee728b)  -> (artifact id: 'c85299289c5f39a10b254b85cb5bb60d') in 0.061240 seconds
  Import took 0.079431 seconds .

========================================================================
Received Import Request.
  Time since last request: 0.000235 seconds.
  path: Assets/PolygonStarter/Materials/Misc/PolygonStarter_Clouds_Mat.mat
  artifactKey: Guid(24178269aee50fa45af0c61018153ba6) Importer(815301076,1909f56bfc062723c751e8b465ee728b)
Start importing Assets/PolygonStarter/Materials/Misc/PolygonStarter_Clouds_Mat.mat using Guid(24178269aee50fa45af0c61018153ba6) Importer(815301076,1909f56bfc062723c751e8b465ee728b)  -> (artifact id: '9a7650166881262e15149c54cb803e8b') in 0.045992 seconds
  Import took 0.065476 seconds .

========================================================================
Received Import Request.
  Time since last request: 0.000167 seconds.
  path: Assets/PolygonStarter/Materials/PolygonStarter_Mat_01.mat
  artifactKey: Guid(dd41db2cdb4e66e4985303e1287ab101) Importer(815301076,1909f56bfc062723c751e8b465ee728b)
Start importing Assets/PolygonStarter/Materials/PolygonStarter_Mat_01.mat using Guid(dd41db2cdb4e66e4985303e1287ab101) Importer(815301076,1909f56bfc062723c751e8b465ee728b)  -> (artifact id: '2a836caddbedfda0ae80cf3f47ad3b5c') in 0.104958 seconds
  Import took 0.106793 seconds .

========================================================================
Received Import Request.
  Time since last request: 0.000160 seconds.
  path: Assets/Beach Essentials/Materials/Lifeguardsign 1.mat
  artifactKey: Guid(12b4978b5b978488b8551215b2bf31aa) Importer(815301076,1909f56bfc062723c751e8b465ee728b)
Start importing Assets/Beach Essentials/Materials/Lifeguardsign 1.mat using Guid(12b4978b5b978488b8551215b2bf31aa) Importer(815301076,1909f56bfc062723c751e8b465ee728b)  -> (artifact id: '8b98ee0c2711948924b0a3417e539a08') in 0.088003 seconds
  Import took 0.104538 seconds .

========================================================================
Received Import Request.
  Time since last request: 0.000179 seconds.
  path: Assets/PolygonStarter/Materials/Misc/PolygonStarter_Mat_01_Glass.mat
  artifactKey: Guid(167faa9f54383f04987dcacc6372f1b4) Importer(815301076,1909f56bfc062723c751e8b465ee728b)
Start importing Assets/PolygonStarter/Materials/Misc/PolygonStarter_Mat_01_Glass.mat using Guid(167faa9f54383f04987dcacc6372f1b4) Importer(815301076,1909f56bfc062723c751e8b465ee728b)  -> (artifact id: 'fd5db172962cec4ab68cdd91d4c683ba') in 0.244343 seconds
  Import took 0.246454 seconds .

========================================================================
Received Import Request.
  Time since last request: 97.661247 seconds.
  path: Assets/Beach Essentials/Meshes/Surfboard3.fbx
  artifactKey: Guid(8e245f23736474956bcc02202ce7352d) Importer(815301076,1909f56bfc062723c751e8b465ee728b)
Start importing Assets/Beach Essentials/Meshes/Surfboard3.fbx using Guid(8e245f23736474956bcc02202ce7352d) Importer(815301076,1909f56bfc062723c751e8b465ee728b)  -> (artifact id: '1fe7f420b4a3a520ab35f76a3f8228d9') in 0.077091 seconds
  Import took 0.079330 seconds .

========================================================================
Received Import Request.
  Time since last request: 0.000164 seconds.
  path: Assets/Beach Essentials/Meshes/Surfboard2.fbx
  artifactKey: Guid(594e3614c0c05436bad97c28c2394b96) Importer(815301076,1909f56bfc062723c751e8b465ee728b)
Start importing Assets/Beach Essentials/Meshes/Surfboard2.fbx using Guid(594e3614c0c05436bad97c28c2394b96) Importer(815301076,1909f56bfc062723c751e8b465ee728b)  -> (artifact id: '4c58530e00706935a611e423521676bf') in 0.074802 seconds
  Import took 0.086740 seconds .

========================================================================
Received Import Request.
  Time since last request: 0.000200 seconds.
  path: Assets/Beach Essentials/Materials/Chrome.mat
  artifactKey: Guid(41072158194174af7ae91b0a3e174ad1) Importer(815301076,1909f56bfc062723c751e8b465ee728b)
Start importing Assets/Beach Essentials/Materials/Chrome.mat using Guid(41072158194174af7ae91b0a3e174ad1) Importer(815301076,1909f56bfc062723c751e8b465ee728b)  -> (artifact id: '7fe19fa8de49e0e884ab347d2d36ae0a') in 0.047537 seconds
  Import took 0.049623 seconds .

========================================================================
Received Import Request.
  Time since last request: 0.000158 seconds.
  path: Assets/BrokenVector/LowPolyFencePack/Materials/Brown Wood.mat
  artifactKey: Guid(1fc121be3f680634fbb8cab1fa2d47c8) Importer(815301076,1909f56bfc062723c751e8b465ee728b)
Start importing Assets/BrokenVector/LowPolyFencePack/Materials/Brown Wood.mat using Guid(1fc121be3f680634fbb8cab1fa2d47c8) Importer(815301076,1909f56bfc062723c751e8b465ee728b)  -> (artifact id: '5bdaf27d62e9adc4b3fb160517843124') in 0.140353 seconds
  Import took 0.158861 seconds .

========================================================================
Received Import Request.
  Time since last request: 30.876918 seconds.
  path: Assets/TextMesh Pro/Resources/Fonts & Materials/LiberationSans SDF - Drop Shadow.mat
  artifactKey: Guid(e73a58f6e2794ae7b1b7e50b7fb811b0) Importer(815301076,1909f56bfc062723c751e8b465ee728b)
Start importing Assets/TextMesh Pro/Resources/Fonts & Materials/LiberationSans SDF - Drop Shadow.mat using Guid(e73a58f6e2794ae7b1b7e50b7fb811b0) Importer(815301076,1909f56bfc062723c751e8b465ee728b)  -> (artifact id: 'd7c9a6e63d9fa0062e755b0df8e71c27') in 0.142438 seconds
  Import took 0.162307 seconds .

========================================================================
Received Import Request.
  Time since last request: 0.000167 seconds.
  path: Assets/BrokenVector/LowPolyFencePack/Materials/Red Wood.mat
  artifactKey: Guid(6c7da534adf849442ab00c554ac221d1) Importer(815301076,1909f56bfc062723c751e8b465ee728b)
Start importing Assets/BrokenVector/LowPolyFencePack/Materials/Red Wood.mat using Guid(6c7da534adf849442ab00c554ac221d1) Importer(815301076,1909f56bfc062723c751e8b465ee728b)  -> (artifact id: 'df45363a0a1b5f58a68203bad68faf91') in 0.086836 seconds
  Import took 0.094897 seconds .

========================================================================
Received Import Request.
  Time since last request: 155.111514 seconds.
  path: Assets/Animations/Bottle/Bottle.controller
  artifactKey: Guid(7e832b89d4d71184daf995a570abf664) Importer(815301076,1909f56bfc062723c751e8b465ee728b)
Start importing Assets/Animations/Bottle/Bottle.controller using Guid(7e832b89d4d71184daf995a570abf664) Importer(815301076,1909f56bfc062723c751e8b465ee728b)  -> (artifact id: '7f8d34c66558983e5f8613659c5c7943') in 0.027948 seconds
  Import took 0.030149 seconds .

========================================================================
Received Import Request.
  Time since last request: 1.754012 seconds.
  path: Assets/Animations/Bottle/turn.anim
  artifactKey: Guid(e69a794cfad9a314288815021c0fafa0) Importer(815301076,1909f56bfc062723c751e8b465ee728b)
Start importing Assets/Animations/Bottle/turn.anim using Guid(e69a794cfad9a314288815021c0fafa0) Importer(815301076,1909f56bfc062723c751e8b465ee728b)  -> (artifact id: '5e1c99fec98750f724cc4da10c51bfa2') in 0.006690 seconds
  Import took 0.047030 seconds .

========================================================================
Received Prepare
Registering precompiled user dll's ...
Registered in 0.000545 seconds.
Begin MonoManager ReloadAssembly
Native extension for WindowsStandalone target not found
Refreshing native plugins compatible for Editor in 0.37 ms, found 0 plugins.
Preloading 0 native plugins for Editor in 0.00 ms.
Invoked RoslynAnalysisRunner static constructor.
RoslynAnalysisRunner will not be running.
RoslynAnalysisRunner has terminated.
Mono: successfully reloaded assembly
- Completed reload, in  0.797 seconds
Platform modules already initialized, skipping
Switching build target platform(5) subTarget(0) extendedPlatform(0) -> platform(13) subTarget(537395200) extendedPlatform(0)
Refreshing native plugins compatible for Editor in 0.36 ms, found 0 plugins.
Preloading 0 native plugins for Editor in 0.00 ms.
Unloading 1221 Unused Serialized files (Serialized files now loaded: 0)
System memory in use before: 85.3 MB.
System memory in use after: 85.4 MB.

Unloading 17 unused Assets to reduce memory usage. Loaded Objects now: 1752.
Total: 1.588200 ms (FindLiveObjects: 0.143400 ms CreateObjectMapping: 0.031800 ms MarkObjects: 1.398600 ms  DeleteObjects: 0.013500 ms)

AssetImportParameters requested are different than current active one (requested -> active):
  custom:graphics/normal-map-encoding: 01000000000000000000000000000000 -> 02000000000000000000000000000000
========================================================================
Received Import Request.
  Time since last request: 116.446100 seconds.
  path: Assets/Prefab/BigBottle.prefab
  artifactKey: Guid(1932c03d15ecbe84ebe9e8fb76d7b21f) Importer(815301076,1909f56bfc062723c751e8b465ee728b)
Start importing Assets/Prefab/BigBottle.prefab using Guid(1932c03d15ecbe84ebe9e8fb76d7b21f) Importer(815301076,1909f56bfc062723c751e8b465ee728b)  -> (artifact id: 'bd4c189cb86c6059b5c3882a2b3eda55') in 0.128553 seconds
  Import took 0.130829 seconds .

========================================================================
Received Prepare
Registering precompiled user dll's ...
Registered in 0.000557 seconds.
Begin MonoManager ReloadAssembly
Native extension for WindowsStandalone target not found
Refreshing native plugins compatible for Editor in 0.38 ms, found 0 plugins.
Preloading 0 native plugins for Editor in 0.00 ms.
Invoked RoslynAnalysisRunner static constructor.
RoslynAnalysisRunner will not be running.
RoslynAnalysisRunner has terminated.
Mono: successfully reloaded assembly
- Completed reload, in  0.795 seconds
Platform modules already initialized, skipping
Switching build target platform(5) subTarget(0) extendedPlatform(0) -> platform(13) subTarget(537395200) extendedPlatform(0)
Refreshing native plugins compatible for Editor in 0.38 ms, found 0 plugins.
Preloading 0 native plugins for Editor in 0.00 ms.
Unloading 1221 Unused Serialized files (Serialized files now loaded: 0)
System memory in use before: 85.4 MB.
System memory in use after: 85.5 MB.

Unloading 18 unused Assets to reduce memory usage. Loaded Objects now: 1756.
Total: 1.589100 ms (FindLiveObjects: 0.144700 ms CreateObjectMapping: 0.031500 ms MarkObjects: 1.391700 ms  DeleteObjects: 0.020300 ms)

AssetImportParameters requested are different than current active one (requested -> active):
  custom:graphics/normal-map-encoding: 01000000000000000000000000000000 -> 02000000000000000000000000000000
========================================================================
Received Import Request.
  Time since last request: 138.416474 seconds.
  path: Assets/Beach Essentials/Materials/Volleyball.mat
  artifactKey: Guid(4d22fd953ecfa4143bb41f29dd8db3e1) Importer(815301076,1909f56bfc062723c751e8b465ee728b)
Start importing Assets/Beach Essentials/Materials/Volleyball.mat using Guid(4d22fd953ecfa4143bb41f29dd8db3e1) Importer(815301076,1909f56bfc062723c751e8b465ee728b)  -> (artifact id: '335e4510fa304acd6db705c6e97bc2d9') in 0.141619 seconds
  Import took 0.143807 seconds .

========================================================================
Received Import Request.
  Time since last request: 0.000224 seconds.
  path: Assets/Beach Essentials/Meshes/BeachUmbrella.fbx
  artifactKey: Guid(e7d946ff6489149178114101bff87533) Importer(815301076,1909f56bfc062723c751e8b465ee728b)
Start importing Assets/Beach Essentials/Meshes/BeachUmbrella.fbx using Guid(e7d946ff6489149178114101bff87533) Importer(815301076,1909f56bfc062723c751e8b465ee728b)  -> (artifact id: '32e86bae89a3dd14c0574929016bff9b') in 0.141752 seconds
  Import took 0.144010 seconds .

========================================================================
Received Import Request.
  Time since last request: 0.000220 seconds.
  path: Assets/Beach Essentials/Meshes/Umbrella.fbx
  artifactKey: Guid(749893d2eefe544fa9e84282bae1e34c) Importer(815301076,1909f56bfc062723c751e8b465ee728b)
Start importing Assets/Beach Essentials/Meshes/Umbrella.fbx using Guid(749893d2eefe544fa9e84282bae1e34c) Importer(815301076,1909f56bfc062723c751e8b465ee728b)  -> (artifact id: '6aba89369b5033a55b6ca10e2c3a43b2') in 0.102231 seconds
  Import took 0.108454 seconds .

========================================================================
Received Import Request.
  Time since last request: 0.000191 seconds.
  path: Assets/Beach Essentials/Materials/WhiteFaric.mat
  artifactKey: Guid(9adef8f06f4ce49ec83bbe26b0ec3e12) Importer(815301076,1909f56bfc062723c751e8b465ee728b)
Start importing Assets/Beach Essentials/Materials/WhiteFaric.mat using Guid(9adef8f06f4ce49ec83bbe26b0ec3e12) Importer(815301076,1909f56bfc062723c751e8b465ee728b)  -> (artifact id: 'b3c0c1e1b900e3d29215b3157dd59dcd') in 0.059166 seconds
  Import took 0.065715 seconds .

========================================================================
Received Import Request.
  Time since last request: 0.000182 seconds.
  path: Assets/Beach Essentials/Materials/Volleyball 1.mat
  artifactKey: Guid(ac93a65f4d73b4041a1cb8e20232cb01) Importer(815301076,1909f56bfc062723c751e8b465ee728b)
Start importing Assets/Beach Essentials/Materials/Volleyball 1.mat using Guid(ac93a65f4d73b4041a1cb8e20232cb01) Importer(815301076,1909f56bfc062723c751e8b465ee728b)  -> (artifact id: '6ec1617b1d673a4c83df3de71bc3a379') in 0.036766 seconds
  Import took 0.039052 seconds .

========================================================================
Received Import Request.
  Time since last request: 0.003500 seconds.
  path: Assets/Beach Essentials/Materials/Volleyball 1.mat
  artifactKey: Guid(ac93a65f4d73b4041a1cb8e20232cb01) Importer(815301076,1909f56bfc062723c751e8b465ee728b)
Start importing Assets/Beach Essentials/Materials/Volleyball 1.mat using Guid(ac93a65f4d73b4041a1cb8e20232cb01) Importer(815301076,1909f56bfc062723c751e8b465ee728b)  -> (artifact id: '6ec1617b1d673a4c83df3de71bc3a379') in 0.032413 seconds
  Import took 0.034535 seconds .

========================================================================
Received Import Request.
  Time since last request: 26.164260 seconds.
  path: Assets/Data/BottleMAt/MixColor.mat
  artifactKey: Guid(cf5b3641fa0effb4e9dd15c290a5c209) Importer(815301076,1909f56bfc062723c751e8b465ee728b)
Start importing Assets/Data/BottleMAt/MixColor.mat using Guid(cf5b3641fa0effb4e9dd15c290a5c209) Importer(815301076,1909f56bfc062723c751e8b465ee728b)  -> (artifact id: '45c9e2bedee0fd42ab364b6aff511dc4') in 0.031473 seconds
  Import took 0.042670 seconds .

========================================================================
Received Prepare
Registering precompiled user dll's ...
Registered in 0.000595 seconds.
Begin MonoManager ReloadAssembly
Native extension for WindowsStandalone target not found
Refreshing native plugins compatible for Editor in 0.37 ms, found 0 plugins.
Preloading 0 native plugins for Editor in 0.00 ms.
Invoked RoslynAnalysisRunner static constructor.
RoslynAnalysisRunner will not be running.
RoslynAnalysisRunner has terminated.
Mono: successfully reloaded assembly
- Completed reload, in  0.809 seconds
Platform modules already initialized, skipping
Switching build target platform(5) subTarget(0) extendedPlatform(0) -> platform(13) subTarget(537395200) extendedPlatform(0)
Refreshing native plugins compatible for Editor in 0.39 ms, found 0 plugins.
Preloading 0 native plugins for Editor in 0.00 ms.
Unloading 1221 Unused Serialized files (Serialized files now loaded: 0)
System memory in use before: 85.4 MB.
System memory in use after: 85.5 MB.

Unloading 17 unused Assets to reduce memory usage. Loaded Objects now: 1760.
Total: 1.674300 ms (FindLiveObjects: 0.149700 ms CreateObjectMapping: 0.032700 ms MarkObjects: 1.475700 ms  DeleteObjects: 0.015100 ms)

AssetImportParameters requested are different than current active one (requested -> active):
  custom:graphics/normal-map-encoding: 01000000000000000000000000000000 -> 02000000000000000000000000000000
========================================================================
Received Prepare
Registering precompiled user dll's ...
Registered in 0.000679 seconds.
Begin MonoManager ReloadAssembly
Native extension for WindowsStandalone target not found
Refreshing native plugins compatible for Editor in 0.37 ms, found 0 plugins.
Preloading 0 native plugins for Editor in 0.00 ms.
Invoked RoslynAnalysisRunner static constructor.
RoslynAnalysisRunner will not be running.
RoslynAnalysisRunner has terminated.
Mono: successfully reloaded assembly
- Completed reload, in  0.810 seconds
Platform modules already initialized, skipping
Switching build target platform(5) subTarget(0) extendedPlatform(0) -> platform(13) subTarget(537395200) extendedPlatform(0)
Refreshing native plugins compatible for Editor in 0.36 ms, found 0 plugins.
Preloading 0 native plugins for Editor in 0.00 ms.
Unloading 1221 Unused Serialized files (Serialized files now loaded: 0)
System memory in use before: 85.4 MB.
System memory in use after: 85.5 MB.

Unloading 17 unused Assets to reduce memory usage. Loaded Objects now: 1763.
Total: 1.748600 ms (FindLiveObjects: 0.127300 ms CreateObjectMapping: 0.031800 ms MarkObjects: 1.570700 ms  DeleteObjects: 0.018000 ms)

AssetImportParameters requested are different than current active one (requested -> active):
  custom:graphics/normal-map-encoding: 01000000000000000000000000000000 -> 02000000000000000000000000000000
========================================================================
Received Prepare
Registering precompiled user dll's ...
Registered in 0.000545 seconds.
Begin MonoManager ReloadAssembly
Native extension for WindowsStandalone target not found
Refreshing native plugins compatible for Editor in 0.38 ms, found 0 plugins.
Preloading 0 native plugins for Editor in 0.00 ms.
Invoked RoslynAnalysisRunner static constructor.
RoslynAnalysisRunner will not be running.
RoslynAnalysisRunner has terminated.
Mono: successfully reloaded assembly
- Completed reload, in  0.813 seconds
Platform modules already initialized, skipping
Switching build target platform(5) subTarget(0) extendedPlatform(0) -> platform(13) subTarget(537395200) extendedPlatform(0)
Refreshing native plugins compatible for Editor in 0.36 ms, found 0 plugins.
Preloading 0 native plugins for Editor in 0.00 ms.
Unloading 1221 Unused Serialized files (Serialized files now loaded: 0)
System memory in use before: 85.4 MB.
System memory in use after: 85.5 MB.

Unloading 17 unused Assets to reduce memory usage. Loaded Objects now: 1766.
Total: 1.582800 ms (FindLiveObjects: 0.154100 ms CreateObjectMapping: 0.031200 ms MarkObjects: 1.381800 ms  DeleteObjects: 0.014900 ms)

AssetImportParameters requested are different than current active one (requested -> active):
  custom:graphics/normal-map-encoding: 01000000000000000000000000000000 -> 02000000000000000000000000000000
========================================================================
Received Prepare
Registering precompiled user dll's ...
Registered in 0.000600 seconds.
Begin MonoManager ReloadAssembly
Native extension for WindowsStandalone target not found
Refreshing native plugins compatible for Editor in 0.37 ms, found 0 plugins.
Preloading 0 native plugins for Editor in 0.00 ms.
Invoked RoslynAnalysisRunner static constructor.
RoslynAnalysisRunner will not be running.
RoslynAnalysisRunner has terminated.
Mono: successfully reloaded assembly
- Completed reload, in  0.824 seconds
Platform modules already initialized, skipping
Switching build target platform(5) subTarget(0) extendedPlatform(0) -> platform(13) subTarget(537395200) extendedPlatform(0)
Refreshing native plugins compatible for Editor in 0.39 ms, found 0 plugins.
Preloading 0 native plugins for Editor in 0.00 ms.
Unloading 1221 Unused Serialized files (Serialized files now loaded: 0)
System memory in use before: 85.5 MB.
System memory in use after: 85.6 MB.

Unloading 17 unused Assets to reduce memory usage. Loaded Objects now: 1769.
Total: 1.871700 ms (FindLiveObjects: 0.207900 ms CreateObjectMapping: 0.035100 ms MarkObjects: 1.608900 ms  DeleteObjects: 0.018300 ms)

AssetImportParameters requested are different than current active one (requested -> active):
  custom:graphics/normal-map-encoding: 01000000000000000000000000000000 -> 02000000000000000000000000000000
========================================================================
Received Prepare
Registering precompiled user dll's ...
Registered in 0.000601 seconds.
Begin MonoManager ReloadAssembly
Native extension for WindowsStandalone target not found
Refreshing native plugins compatible for Editor in 0.37 ms, found 0 plugins.
Preloading 0 native plugins for Editor in 0.00 ms.
Invoked RoslynAnalysisRunner static constructor.
RoslynAnalysisRunner will not be running.
RoslynAnalysisRunner has terminated.
Mono: successfully reloaded assembly
- Completed reload, in  0.810 seconds
Platform modules already initialized, skipping
Switching build target platform(5) subTarget(0) extendedPlatform(0) -> platform(13) subTarget(537395200) extendedPlatform(0)
Refreshing native plugins compatible for Editor in 0.38 ms, found 0 plugins.
Preloading 0 native plugins for Editor in 0.00 ms.
Unloading 1221 Unused Serialized files (Serialized files now loaded: 0)
System memory in use before: 85.5 MB.
System memory in use after: 85.6 MB.

Unloading 17 unused Assets to reduce memory usage. Loaded Objects now: 1772.
Total: 1.585200 ms (FindLiveObjects: 0.140200 ms CreateObjectMapping: 0.033000 ms MarkObjects: 1.396600 ms  DeleteObjects: 0.014400 ms)

AssetImportParameters requested are different than current active one (requested -> active):
  custom:graphics/normal-map-encoding: 01000000000000000000000000000000 -> 02000000000000000000000000000000
========================================================================
Received Prepare
Registering precompiled user dll's ...
Registered in 0.000843 seconds.
Begin MonoManager ReloadAssembly
Native extension for WindowsStandalone target not found
Refreshing native plugins compatible for Editor in 0.42 ms, found 0 plugins.
Preloading 0 native plugins for Editor in 0.00 ms.
Invoked RoslynAnalysisRunner static constructor.
RoslynAnalysisRunner will not be running.
RoslynAnalysisRunner has terminated.
Mono: successfully reloaded assembly
- Completed reload, in  0.860 seconds
Platform modules already initialized, skipping
Switching build target platform(5) subTarget(0) extendedPlatform(0) -> platform(13) subTarget(537395200) extendedPlatform(0)
Refreshing native plugins compatible for Editor in 0.39 ms, found 0 plugins.
Preloading 0 native plugins for Editor in 0.00 ms.
Unloading 1221 Unused Serialized files (Serialized files now loaded: 0)
System memory in use before: 85.5 MB.
System memory in use after: 85.6 MB.

Unloading 17 unused Assets to reduce memory usage. Loaded Objects now: 1775.
Total: 2.094500 ms (FindLiveObjects: 0.237400 ms CreateObjectMapping: 0.038100 ms MarkObjects: 1.790500 ms  DeleteObjects: 0.027200 ms)

AssetImportParameters requested are different than current active one (requested -> active):
  custom:graphics/normal-map-encoding: 01000000000000000000000000000000 -> 02000000000000000000000000000000
========================================================================
Received Prepare
Registering precompiled user dll's ...
Registered in 0.000577 seconds.
Begin MonoManager ReloadAssembly
Native extension for WindowsStandalone target not found
Refreshing native plugins compatible for Editor in 0.53 ms, found 0 plugins.
Preloading 0 native plugins for Editor in 0.00 ms.
Invoked RoslynAnalysisRunner static constructor.
RoslynAnalysisRunner will not be running.
RoslynAnalysisRunner has terminated.
Mono: successfully reloaded assembly
- Completed reload, in  0.853 seconds
Platform modules already initialized, skipping
Switching build target platform(5) subTarget(0) extendedPlatform(0) -> platform(13) subTarget(537395200) extendedPlatform(0)
Refreshing native plugins compatible for Editor in 0.39 ms, found 0 plugins.
Preloading 0 native plugins for Editor in 0.00 ms.
Unloading 1221 Unused Serialized files (Serialized files now loaded: 0)
System memory in use before: 85.5 MB.
System memory in use after: 85.6 MB.

Unloading 17 unused Assets to reduce memory usage. Loaded Objects now: 1778.
Total: 1.862300 ms (FindLiveObjects: 0.244000 ms CreateObjectMapping: 0.127400 ms MarkObjects: 1.473000 ms  DeleteObjects: 0.017000 ms)

AssetImportParameters requested are different than current active one (requested -> active):
  custom:graphics/normal-map-encoding: 01000000000000000000000000000000 -> 02000000000000000000000000000000
========================================================================
Received Prepare
Registering precompiled user dll's ...
Registered in 0.000536 seconds.
Begin MonoManager ReloadAssembly
Native extension for WindowsStandalone target not found
Refreshing native plugins compatible for Editor in 0.37 ms, found 0 plugins.
Preloading 0 native plugins for Editor in 0.00 ms.
Invoked RoslynAnalysisRunner static constructor.
RoslynAnalysisRunner will not be running.
RoslynAnalysisRunner has terminated.
Mono: successfully reloaded assembly
- Completed reload, in  0.828 seconds
Platform modules already initialized, skipping
Switching build target platform(5) subTarget(0) extendedPlatform(0) -> platform(13) subTarget(537395200) extendedPlatform(0)
Refreshing native plugins compatible for Editor in 0.38 ms, found 0 plugins.
Preloading 0 native plugins for Editor in 0.00 ms.
Unloading 1221 Unused Serialized files (Serialized files now loaded: 0)
System memory in use before: 85.5 MB.
System memory in use after: 85.6 MB.

Unloading 17 unused Assets to reduce memory usage. Loaded Objects now: 1781.
Total: 1.748300 ms (FindLiveObjects: 0.148500 ms CreateObjectMapping: 0.033200 ms MarkObjects: 1.549400 ms  DeleteObjects: 0.016400 ms)

AssetImportParameters requested are different than current active one (requested -> active):
  custom:graphics/normal-map-encoding: 01000000000000000000000000000000 -> 02000000000000000000000000000000
========================================================================
Received Prepare
Registering precompiled user dll's ...
Registered in 0.000602 seconds.
Begin MonoManager ReloadAssembly
Native extension for WindowsStandalone target not found
Refreshing native plugins compatible for Editor in 0.38 ms, found 0 plugins.
Preloading 0 native plugins for Editor in 0.00 ms.
Invoked RoslynAnalysisRunner static constructor.
RoslynAnalysisRunner will not be running.
RoslynAnalysisRunner has terminated.
Mono: successfully reloaded assembly
- Completed reload, in  0.818 seconds
Platform modules already initialized, skipping
Switching build target platform(5) subTarget(0) extendedPlatform(0) -> platform(13) subTarget(537395200) extendedPlatform(0)
Refreshing native plugins compatible for Editor in 0.39 ms, found 0 plugins.
Preloading 0 native plugins for Editor in 0.00 ms.
Unloading 1221 Unused Serialized files (Serialized files now loaded: 0)
System memory in use before: 85.5 MB.
System memory in use after: 85.6 MB.

Unloading 17 unused Assets to reduce memory usage. Loaded Objects now: 1784.
Total: 1.640100 ms (FindLiveObjects: 0.164400 ms CreateObjectMapping: 0.031600 ms MarkObjects: 1.427400 ms  DeleteObjects: 0.015700 ms)

AssetImportParameters requested are different than current active one (requested -> active):
  custom:graphics/normal-map-encoding: 01000000000000000000000000000000 -> 02000000000000000000000000000000
========================================================================
Received Prepare
Registering precompiled user dll's ...
Registered in 0.000572 seconds.
Begin MonoManager ReloadAssembly
Native extension for WindowsStandalone target not found
Refreshing native plugins compatible for Editor in 0.37 ms, found 0 plugins.
Preloading 0 native plugins for Editor in 0.00 ms.
Invoked RoslynAnalysisRunner static constructor.
RoslynAnalysisRunner will not be running.
RoslynAnalysisRunner has terminated.
Mono: successfully reloaded assembly
- Completed reload, in  0.837 seconds
Platform modules already initialized, skipping
Switching build target platform(5) subTarget(0) extendedPlatform(0) -> platform(13) subTarget(537395200) extendedPlatform(0)
Refreshing native plugins compatible for Editor in 0.37 ms, found 0 plugins.
Preloading 0 native plugins for Editor in 0.00 ms.
Unloading 1221 Unused Serialized files (Serialized files now loaded: 0)
System memory in use before: 85.5 MB.
System memory in use after: 85.6 MB.

Unloading 17 unused Assets to reduce memory usage. Loaded Objects now: 1787.
Total: 1.806100 ms (FindLiveObjects: 0.155200 ms CreateObjectMapping: 0.031300 ms MarkObjects: 1.598400 ms  DeleteObjects: 0.020100 ms)

AssetImportParameters requested are different than current active one (requested -> active):
  custom:graphics/normal-map-encoding: 01000000000000000000000000000000 -> 02000000000000000000000000000000
========================================================================
Received Prepare
Registering precompiled user dll's ...
Registered in 0.000662 seconds.
Begin MonoManager ReloadAssembly
Native extension for WindowsStandalone target not found
Refreshing native plugins compatible for Editor in 0.41 ms, found 0 plugins.
Preloading 0 native plugins for Editor in 0.00 ms.
Invoked RoslynAnalysisRunner static constructor.
RoslynAnalysisRunner will not be running.
RoslynAnalysisRunner has terminated.
Mono: successfully reloaded assembly
- Completed reload, in  0.861 seconds
Platform modules already initialized, skipping
Switching build target platform(5) subTarget(0) extendedPlatform(0) -> platform(13) subTarget(537395200) extendedPlatform(0)
Refreshing native plugins compatible for Editor in 0.39 ms, found 0 plugins.
Preloading 0 native plugins for Editor in 0.00 ms.
Unloading 1221 Unused Serialized files (Serialized files now loaded: 0)
System memory in use before: 85.5 MB.
System memory in use after: 85.6 MB.

Unloading 17 unused Assets to reduce memory usage. Loaded Objects now: 1790.
Total: 2.379400 ms (FindLiveObjects: 0.229900 ms CreateObjectMapping: 0.042800 ms MarkObjects: 2.087300 ms  DeleteObjects: 0.017900 ms)

AssetImportParameters requested are different than current active one (requested -> active):
  custom:graphics/normal-map-encoding: 01000000000000000000000000000000 -> 02000000000000000000000000000000
========================================================================
Received Import Request.
  Time since last request: 4911.935054 seconds.
  path: Assets/Prefab/Bottle1.prefab
  artifactKey: Guid(c27e7449e6dfde146b6b95a9a42bd213) Importer(815301076,1909f56bfc062723c751e8b465ee728b)
Start importing Assets/Prefab/Bottle1.prefab using Guid(c27e7449e6dfde146b6b95a9a42bd213) Importer(815301076,1909f56bfc062723c751e8b465ee728b)  -> (artifact id: 'ef1afd48f5c71235dda6386aa34fd394') in 0.142471 seconds
  Import took 0.145304 seconds .

========================================================================
Received Import Request.
  Time since last request: 50.297763 seconds.
  path: Assets/Prefab/Item.prefab
  artifactKey: Guid(ab1ee014772e55e47901fe3f6268636b) Importer(815301076,1909f56bfc062723c751e8b465ee728b)
Start importing Assets/Prefab/Item.prefab using Guid(ab1ee014772e55e47901fe3f6268636b) Importer(815301076,1909f56bfc062723c751e8b465ee728b)  -> (artifact id: '6d68047264dafb9d4654479aebb3e58d') in 0.012305 seconds
  Import took 0.014464 seconds .

========================================================================
Received Prepare
Registering precompiled user dll's ...
Registered in 0.000632 seconds.
Begin MonoManager ReloadAssembly
Native extension for WindowsStandalone target not found
Refreshing native plugins compatible for Editor in 0.39 ms, found 0 plugins.
Preloading 0 native plugins for Editor in 0.00 ms.
Invoked RoslynAnalysisRunner static constructor.
RoslynAnalysisRunner will not be running.
RoslynAnalysisRunner has terminated.
Mono: successfully reloaded assembly
- Completed reload, in  0.832 seconds
Platform modules already initialized, skipping
Switching build target platform(5) subTarget(0) extendedPlatform(0) -> platform(13) subTarget(537395200) extendedPlatform(0)
Refreshing native plugins compatible for Editor in 0.37 ms, found 0 plugins.
Preloading 0 native plugins for Editor in 0.00 ms.
Unloading 1221 Unused Serialized files (Serialized files now loaded: 0)
System memory in use before: 85.5 MB.
System memory in use after: 85.6 MB.

Unloading 18 unused Assets to reduce memory usage. Loaded Objects now: 1794.
Total: 1.755500 ms (FindLiveObjects: 0.193500 ms CreateObjectMapping: 0.032300 ms MarkObjects: 1.504300 ms  DeleteObjects: 0.024500 ms)

AssetImportParameters requested are different than current active one (requested -> active):
  custom:graphics/normal-map-encoding: 01000000000000000000000000000000 -> 02000000000000000000000000000000
========================================================================
Received Prepare
Registering precompiled user dll's ...
Registered in 0.000592 seconds.
Begin MonoManager ReloadAssembly
Native extension for WindowsStandalone target not found
Refreshing native plugins compatible for Editor in 0.45 ms, found 0 plugins.
Preloading 0 native plugins for Editor in 0.00 ms.
Invoked RoslynAnalysisRunner static constructor.
RoslynAnalysisRunner will not be running.
RoslynAnalysisRunner has terminated.
Mono: successfully reloaded assembly
- Completed reload, in  0.880 seconds
Platform modules already initialized, skipping
Switching build target platform(5) subTarget(0) extendedPlatform(0) -> platform(13) subTarget(537395200) extendedPlatform(0)
Refreshing native plugins compatible for Editor in 0.41 ms, found 0 plugins.
Preloading 0 native plugins for Editor in 0.00 ms.
Unloading 1221 Unused Serialized files (Serialized files now loaded: 0)
System memory in use before: 85.5 MB.
System memory in use after: 85.6 MB.

Unloading 17 unused Assets to reduce memory usage. Loaded Objects now: 1797.
Total: 1.612300 ms (FindLiveObjects: 0.152200 ms CreateObjectMapping: 0.031800 ms MarkObjects: 1.412600 ms  DeleteObjects: 0.014300 ms)

AssetImportParameters requested are different than current active one (requested -> active):
  custom:graphics/normal-map-encoding: 01000000000000000000000000000000 -> 02000000000000000000000000000000
========================================================================
Received Prepare
Registering precompiled user dll's ...
Registered in 0.000719 seconds.
Begin MonoManager ReloadAssembly
Native extension for WindowsStandalone target not found
Refreshing native plugins compatible for Editor in 0.37 ms, found 0 plugins.
Preloading 0 native plugins for Editor in 0.00 ms.
Invoked RoslynAnalysisRunner static constructor.
RoslynAnalysisRunner will not be running.
RoslynAnalysisRunner has terminated.
Mono: successfully reloaded assembly
- Completed reload, in  0.841 seconds
Platform modules already initialized, skipping
Switching build target platform(5) subTarget(0) extendedPlatform(0) -> platform(13) subTarget(537395200) extendedPlatform(0)
Refreshing native plugins compatible for Editor in 0.37 ms, found 0 plugins.
Preloading 0 native plugins for Editor in 0.00 ms.
Unloading 1221 Unused Serialized files (Serialized files now loaded: 0)
System memory in use before: 85.5 MB.
System memory in use after: 85.6 MB.

Unloading 17 unused Assets to reduce memory usage. Loaded Objects now: 1800.
Total: 1.577400 ms (FindLiveObjects: 0.153100 ms CreateObjectMapping: 0.032700 ms MarkObjects: 1.375900 ms  DeleteObjects: 0.014300 ms)

AssetImportParameters requested are different than current active one (requested -> active):
  custom:graphics/normal-map-encoding: 01000000000000000000000000000000 -> 02000000000000000000000000000000
========================================================================
Received Import Request.
  Time since last request: 343.549491 seconds.
  path: Assets/Prefab/Bottle1.prefab
  artifactKey: Guid(c27e7449e6dfde146b6b95a9a42bd213) Importer(815301076,1909f56bfc062723c751e8b465ee728b)
Start importing Assets/Prefab/Bottle1.prefab using Guid(c27e7449e6dfde146b6b95a9a42bd213) Importer(815301076,1909f56bfc062723c751e8b465ee728b)  -> (artifact id: 'c41b47bae3f18e48a87ade3fa594aea1') in 0.109240 seconds
  Import took 0.111421 seconds .

========================================================================
Received Import Request.
  Time since last request: 53.188932 seconds.
  path: Assets/Prefab/Bottle1.prefab
  artifactKey: Guid(c27e7449e6dfde146b6b95a9a42bd213) Importer(815301076,1909f56bfc062723c751e8b465ee728b)
Start importing Assets/Prefab/Bottle1.prefab using Guid(c27e7449e6dfde146b6b95a9a42bd213) Importer(815301076,1909f56bfc062723c751e8b465ee728b)  -> (artifact id: '2b67bd7698fbf540a84c0c88c14dd5f2') in 0.047736 seconds
  Import took 0.050063 seconds .

========================================================================
Received Prepare
Registering precompiled user dll's ...
Registered in 0.000603 seconds.
Begin MonoManager ReloadAssembly
Native extension for WindowsStandalone target not found
Refreshing native plugins compatible for Editor in 0.37 ms, found 0 plugins.
Preloading 0 native plugins for Editor in 0.00 ms.
Invoked RoslynAnalysisRunner static constructor.
RoslynAnalysisRunner will not be running.
RoslynAnalysisRunner has terminated.
Mono: successfully reloaded assembly
- Completed reload, in  0.846 seconds
Platform modules already initialized, skipping
Switching build target platform(5) subTarget(0) extendedPlatform(0) -> platform(13) subTarget(537395200) extendedPlatform(0)
Refreshing native plugins compatible for Editor in 0.37 ms, found 0 plugins.
Preloading 0 native plugins for Editor in 0.00 ms.
Unloading 1221 Unused Serialized files (Serialized files now loaded: 0)
System memory in use before: 85.5 MB.
System memory in use after: 85.6 MB.

Unloading 18 unused Assets to reduce memory usage. Loaded Objects now: 1804.
Total: 1.665200 ms (FindLiveObjects: 0.137600 ms CreateObjectMapping: 0.032900 ms MarkObjects: 1.469400 ms  DeleteObjects: 0.024400 ms)

AssetImportParameters requested are different than current active one (requested -> active):
  custom:graphics/normal-map-encoding: 01000000000000000000000000000000 -> 02000000000000000000000000000000
========================================================================
Received Prepare
Registering precompiled user dll's ...
Registered in 0.000574 seconds.
Begin MonoManager ReloadAssembly
Native extension for WindowsStandalone target not found
Refreshing native plugins compatible for Editor in 0.37 ms, found 0 plugins.
Preloading 0 native plugins for Editor in 0.00 ms.
Invoked RoslynAnalysisRunner static constructor.
RoslynAnalysisRunner will not be running.
RoslynAnalysisRunner has terminated.
Mono: successfully reloaded assembly
- Completed reload, in  0.850 seconds
Platform modules already initialized, skipping
Switching build target platform(5) subTarget(0) extendedPlatform(0) -> platform(13) subTarget(537395200) extendedPlatform(0)
Refreshing native plugins compatible for Editor in 0.37 ms, found 0 plugins.
Preloading 0 native plugins for Editor in 0.00 ms.
Unloading 1221 Unused Serialized files (Serialized files now loaded: 0)
System memory in use before: 85.5 MB.
System memory in use after: 85.6 MB.

Unloading 17 unused Assets to reduce memory usage. Loaded Objects now: 1807.
Total: 1.671100 ms (FindLiveObjects: 0.157100 ms CreateObjectMapping: 0.033700 ms MarkObjects: 1.463700 ms  DeleteObjects: 0.015400 ms)

AssetImportParameters requested are different than current active one (requested -> active):
  custom:graphics/normal-map-encoding: 01000000000000000000000000000000 -> 02000000000000000000000000000000
========================================================================
Received Prepare
Registering precompiled user dll's ...
Registered in 0.000552 seconds.
Begin MonoManager ReloadAssembly
Native extension for WindowsStandalone target not found
Refreshing native plugins compatible for Editor in 0.38 ms, found 0 plugins.
Preloading 0 native plugins for Editor in 0.00 ms.
Invoked RoslynAnalysisRunner static constructor.
RoslynAnalysisRunner will not be running.
RoslynAnalysisRunner has terminated.
Mono: successfully reloaded assembly
- Completed reload, in  0.851 seconds
Platform modules already initialized, skipping
Switching build target platform(5) subTarget(0) extendedPlatform(0) -> platform(13) subTarget(537395200) extendedPlatform(0)
Refreshing native plugins compatible for Editor in 0.37 ms, found 0 plugins.
Preloading 0 native plugins for Editor in 0.00 ms.
Unloading 1221 Unused Serialized files (Serialized files now loaded: 0)
System memory in use before: 85.5 MB.
System memory in use after: 85.6 MB.

Unloading 17 unused Assets to reduce memory usage. Loaded Objects now: 1810.
Total: 1.608000 ms (FindLiveObjects: 0.149600 ms CreateObjectMapping: 0.032900 ms MarkObjects: 1.409300 ms  DeleteObjects: 0.015100 ms)

AssetImportParameters requested are different than current active one (requested -> active):
  custom:graphics/normal-map-encoding: 01000000000000000000000000000000 -> 02000000000000000000000000000000
========================================================================
Received Prepare
Registering precompiled user dll's ...
Registered in 0.000610 seconds.
Begin MonoManager ReloadAssembly
Native extension for WindowsStandalone target not found
Refreshing native plugins compatible for Editor in 0.38 ms, found 0 plugins.
Preloading 0 native plugins for Editor in 0.00 ms.
Invoked RoslynAnalysisRunner static constructor.
RoslynAnalysisRunner will not be running.
RoslynAnalysisRunner has terminated.
Mono: successfully reloaded assembly
- Completed reload, in  0.922 seconds
Platform modules already initialized, skipping
Switching build target platform(5) subTarget(0) extendedPlatform(0) -> platform(13) subTarget(537395200) extendedPlatform(0)
Refreshing native plugins compatible for Editor in 0.38 ms, found 0 plugins.
Preloading 0 native plugins for Editor in 0.00 ms.
Unloading 1221 Unused Serialized files (Serialized files now loaded: 0)
System memory in use before: 85.5 MB.
System memory in use after: 85.6 MB.

Unloading 17 unused Assets to reduce memory usage. Loaded Objects now: 1813.
Total: 2.012700 ms (FindLiveObjects: 0.218400 ms CreateObjectMapping: 0.038200 ms MarkObjects: 1.733300 ms  DeleteObjects: 0.022000 ms)

AssetImportParameters requested are different than current active one (requested -> active):
  custom:graphics/normal-map-encoding: 01000000000000000000000000000000 -> 02000000000000000000000000000000
========================================================================
Received Import Request.
  Time since last request: 3479.554421 seconds.
  path: Assets/Data/BottleMAt/BrowMat.mat
  artifactKey: Guid(58931581d2e5ab14688e660297ac0a48) Importer(815301076,1909f56bfc062723c751e8b465ee728b)
Start importing Assets/Data/BottleMAt/BrowMat.mat using Guid(58931581d2e5ab14688e660297ac0a48) Importer(815301076,1909f56bfc062723c751e8b465ee728b)  -> (artifact id: '0f1312a8fc231674151432213f418ea7') in 0.099511 seconds
  Import took 0.102193 seconds .

========================================================================
Received Import Request.
  Time since last request: 0.000191 seconds.
  path: Assets/Data/BottleMAt/GreyMat.mat
  artifactKey: Guid(6ea09e2391ef07441834388b88ec5167) Importer(815301076,1909f56bfc062723c751e8b465ee728b)
Start importing Assets/Data/BottleMAt/GreyMat.mat using Guid(6ea09e2391ef07441834388b88ec5167) Importer(815301076,1909f56bfc062723c751e8b465ee728b)  -> (artifact id: '41fc8c981aa6917ee5aa8399d3100dd1') in 0.032209 seconds
  Import took 0.047974 seconds .

========================================================================
Received Import Request.
  Time since last request: 0.000160 seconds.
  path: Assets/Data/BottleMAt/OrangeMat.mat
  artifactKey: Guid(0e8c3937afe214d47b29fea1e3614b85) Importer(815301076,1909f56bfc062723c751e8b465ee728b)
Start importing Assets/Data/BottleMAt/OrangeMat.mat using Guid(0e8c3937afe214d47b29fea1e3614b85) Importer(815301076,1909f56bfc062723c751e8b465ee728b)  -> (artifact id: 'b75794a4c0c40fe2146a24e6e51a58aa') in 0.031331 seconds
  Import took 0.033166 seconds .

========================================================================
Received Import Request.
  Time since last request: 0.000258 seconds.
  path: Assets/Data/BottleMAt/GreenMat.mat
  artifactKey: Guid(15b9c6ec5d7888b479cce04721cd1ba0) Importer(815301076,1909f56bfc062723c751e8b465ee728b)
Start importing Assets/Data/BottleMAt/GreenMat.mat using Guid(15b9c6ec5d7888b479cce04721cd1ba0) Importer(815301076,1909f56bfc062723c751e8b465ee728b)  -> (artifact id: '588e70bf59e96b5c6feb23628692559b') in 0.031368 seconds
  Import took 0.033629 seconds .

AssetImportWorkerClient::OnTransportError - code=2 error=End of file
